AlarmClock3.0/samples/Scrumptious/build/outputs/logs/manifest-merger-debug-report.txt
-- Merging decision tree log ---
manifest
ADDED from samples\Scrumptious\AndroidManifest.xml:22:1-73:12
	package
		ADDED from samples\Scrumptious\AndroidManifest.xml:23:5-38
	android:versionName
		ADDED from samples\Scrumptious\AndroidManifest.xml:25:5-30
	android:versionCode
		ADDED from samples\Scrumptious\AndroidManifest.xml:24:5-28
		INJECTED from samples\Scrumptious\AndroidManifest.xml
		INJECTED from samples\Scrumptious\AndroidManifest.xml
	xmlns:android
		ADDED from samples\Scrumptious\AndroidManifest.xml:22:11-69
uses-permission#android.permission.INTERNET
ADDED from samples\Scrumptious\AndroidManifest.xml:27:5-67
	android:name
		ADDED from samples\Scrumptious\AndroidManifest.xml:27:22-64
uses-permission#android.permission.ACCESS_FINE_LOCATION
ADDED from samples\Scrumptious\AndroidManifest.xml:28:5-79
	android:name
		ADDED from samples\Scrumptious\AndroidManifest.xml:28:22-76
uses-permission#android.permission.CAMERA
ADDED from samples\Scrumptious\AndroidManifest.xml:29:5-65
	android:name
		ADDED from samples\Scrumptious\AndroidManifest.xml:29:22-62
uses-permission#android.permission.WRITE_EXTERNAL_STORAGE
ADDED from samples\Scrumptious\AndroidManifest.xml:30:5-81
	android:name
		ADDED from samples\Scrumptious\AndroidManifest.xml:30:22-78
uses-feature#android.hardware.camera
ADDED from samples\Scrumptious\AndroidManifest.xml:32:5-60
	android:name
		ADDED from samples\Scrumptious\AndroidManifest.xml:32:19-57
uses-feature#android.hardware.camera.autofocus
ADDED from samples\Scrumptious\AndroidManifest.xml:33:5-70
	android:name
		ADDED from samples\Scrumptious\AndroidManifest.xml:33:19-67
application
ADDED from samples\Scrumptious\AndroidManifest.xml:35:5-72:19
MERGED from [com.facebook.android:facebook:4.6.0] AndroidManifest.xml:28:5-20
MERGED from [com.android.support:support-v4:22.2.0] AndroidManifest.xml:22:5-20
	android:label
		ADDED from samples\Scrumptious\AndroidManifest.xml:38:9-41
	android:icon
		ADDED from samples\Scrumptious\AndroidManifest.xml:37:9-42
	android:name
		ADDED from samples\Scrumptious\AndroidManifest.xml:36:9-70
activity#com.example.scrumptious.MainActivity
ADDED from samples\Scrumptious\AndroidManifest.xml:39:9-48:20
	android:label
		ADDED from samples\Scrumptious\AndroidManifest.xml:41:13-45
	android:windowSoftInputMode
		ADDED from samples\Scrumptious\AndroidManifest.xml:43:13-55
	android:theme
		ADDED from samples\Scrumptious\AndroidManifest.xml:42:13-53
	android:name
		ADDED from samples\Scrumptious\AndroidManifest.xml:40:13-64
intent-filter#android.intent.action.MAIN+android.intent.category.LAUNCHER
ADDED from samples\Scrumptious\AndroidManifest.xml:44:13-47:29
action#android.intent.action.MAIN
ADDED from samples\Scrumptious\AndroidManifest.xml:45:17-69
	android:name
		ADDED from samples\Scrumptious\AndroidManifest.xml:45:25-66
category#android.intent.category.LAUNCHER
ADDED from samples\Scrumptious\AndroidManifest.xml:46:17-77
	android:name
		ADDED from samples\Scrumptious\AndroidManifest.xml:46:27-74
activity#com.example.scrumptious.PickerActivity
ADDED from samples\Scrumptious\AndroidManifest.xml:49:9-51:48
	android:label
		ADDED from samples\Scrumptious\AndroidManifest.xml:51:13-45
	android:name
		ADDED from samples\Scrumptious\AndroidManifest.xml:50:13-66
activity#com.facebook.FacebookActivity
ADDED from samples\Scrumptious\AndroidManifest.xml:52:9-56:75
	android:label
		ADDED from samples\Scrumptious\AndroidManifest.xml:55:13-45
	android:configChanges
		ADDED from samples\Scrumptious\AndroidManifest.xml:54:13-96
	android:theme
		ADDED from samples\Scrumptious\AndroidManifest.xml:56:13-72
	android:name
		ADDED from samples\Scrumptious\AndroidManifest.xml:53:13-57
meta-data#com.facebook.sdk.ApplicationId
ADDED from samples\Scrumptious\AndroidManifest.xml:58:9-60:46
	android:value
		ADDED from samples\Scrumptious\AndroidManifest.xml:60:13-43
	android:name
		ADDED from samples\Scrumptious\AndroidManifest.xml:59:13-58
meta-data#com.facebook.sdk.ApplicationName
ADDED from samples\Scrumptious\AndroidManifest.xml:61:9-63:48
	android:value
		ADDED from samples\Scrumptious\AndroidManifest.xml:63:13-45
	android:name
		ADDED from samples\Scrumptious\AndroidManifest.xml:62:13-60
meta-data#com.facebook.sdk.WebDialogTheme
ADDED from samples\Scrumptious\AndroidManifest.xml:64:9-66:78
	android:resource
		ADDED from samples\Scrumptious\AndroidManifest.xml:66:13-75
	android:name
		ADDED from samples\Scrumptious\AndroidManifest.xml:65:13-59
provider#com.facebook.FacebookContentProvider
ADDED from samples\Scrumptious\AndroidManifest.xml:68:9-71:39
	android:authorities
		ADDED from samples\Scrumptious\AndroidManifest.xml:70:13-90
	android:exported
		ADDED from samples\Scrumptious\AndroidManifest.xml:71:13-36
	android:name
		ADDED from samples\Scrumptious\AndroidManifest.xml:69:13-64
uses-sdk
INJECTED from samples\Scrumptious\AndroidManifest.xml reason: use-sdk injection requested
MERGED from [com.facebook.android:facebook:4.6.0] AndroidManifest.xml:24:5-26:41
MERGED from [com.android.support:support-v4:22.2.0] AndroidManifest.xml:20:5-43
	android:targetSdkVersion
		INJECTED from samples\Scrumptious\AndroidManifest.xml
		INJECTED from samples\Scrumptious\AndroidManifest.xml
	android:minSdkVersion
		INJECTED from samples\Scrumptious\AndroidManifest.xml
		INJECTED from samples\Scrumptious\AndroidManifest.xml